#-----------------------------------------------------------
# Vivado v2019.1 (64-bit)
# SW Build 2552052 on Fri May 24 14:49:42 MDT 2019
# IP Build 2548770 on Fri May 24 18:01:18 MDT 2019
# Start of session at: Sun Oct 23 10:24:56 2022
# Process ID: 10252
# Current directory: X:/EC551/FinalProject/Nexys7/vivado_proj
# Command line: vivado.exe -gui_launcher_event rodinguilauncherevent16016 X:\EC551\FinalProject\Nexys7\vivado_proj\Nexys-A7-100T-XADC.xpr
# Log file: X:/EC551/FinalProject/Nexys7/vivado_proj/vivado.log
# Journal file: X:/EC551/FinalProject/Nexys7/vivado_proj\vivado.jou
#-----------------------------------------------------------
start_gui
open_project X:/EC551/FinalProject/Nexys7/vivado_proj/Nexys-A7-100T-XADC.xpr
WARNING: [Board 49-91] Board repository path 'C:/Users/cnaught1/AppData/Roaming/Xilinx/Vivado/2019.1/xhub/board_store' does not exist, it will not be used to search board files.
INFO: [Project 1-313] Project file moved from 'D:/Github/prerelease/Nexys-A7/Nexys-A7-100T-XADC/proj/temp/PrjAr/_X_' since last save.
Scanning sources...
Finished scanning sources
WARNING: [filemgmt 56-2] IP Repository Path: Could not find the directory 'X:/repo', nor could it be found using path 'D:/Github/prerelease/Nexys-A7/Nexys-A7-100T-XADC/repo'.
INFO: [IP_Flow 19-234] Refreshing IP repositories
WARNING: [IP_Flow 19-2248] Failed to load user IP repository 'x:/repo'; Can't find the specified path.
If this directory should no longer be in your list of user repositories, go to the IP Settings dialog and remove it.
INFO: [IP_Flow 19-2313] Loaded Vivado IP repository 'C:/Xilinx/Vivado/2019.1/data/ip'.
WARNING: [IP_Flow 19-2162] IP 'xadc_wiz_0' is locked:
* IP definition 'XADC Wizard (3.3)' for IP 'xadc_wiz_0' (customized with software release 2018.2) has a different revision in the IP Catalog.
open_project: Time (s): cpu = 00:00:15 ; elapsed = 00:00:11 . Memory (MB): peak = 812.801 ; gain = 134.902
report_ip_status -name ip_status 
update_compile_order -fileset sources_1
open_hw
connect_hw_server
INFO: [Labtools 27-2285] Connecting to hw_server url TCP:localhost:3121
open_hw_target
INFO: [Labtoolstcl 44-466] Opening hw_target localhost:3121/xilinx_tcf/Digilent/210292ABF98BA
set_property PROGRAM.FILE {X:/EC551/FinalProject/Nexys7/vivado_proj/Nexys-A7-100T-XADC.runs/impl_1/XADCdemo.bit} [get_hw_devices xc7a100t_0]
current_hw_device [get_hw_devices xc7a100t_0]
refresh_hw_device -update_hw_probes false [lindex [get_hw_devices xc7a100t_0] 0]
INFO: [Labtools 27-1434] Device xc7a100t (JTAG device index = 0) is programmed with a design that has no supported debug core(s) in it.
set_property PROBES.FILE {} [get_hw_devices xc7a100t_0]
set_property FULL_PROBES.FILE {} [get_hw_devices xc7a100t_0]
set_property PROGRAM.FILE {X:/EC551/FinalProject/Nexys7/vivado_proj/Nexys-A7-100T-XADC.runs/impl_1/XADCdemo.bit} [get_hw_devices xc7a100t_0]
program_hw_devices [get_hw_devices xc7a100t_0]
INFO: [Labtools 27-3164] End of startup status: HIGH
refresh_hw_device [lindex [get_hw_devices xc7a100t_0] 0]
INFO: [Labtools 27-1434] Device xc7a100t (JTAG device index = 0) is programmed with a design that has no supported debug core(s) in it.
close_hw
exit
INFO: [Common 17-206] Exiting Vivado at Sun Oct 23 10:57:31 2022...
