#-----------------------------------------------------------
# Vivado v2019.1 (64-bit)
# SW Build 2552052 on Fri May 24 14:49:42 MDT 2019
# IP Build 2548770 on Fri May 24 18:01:18 MDT 2019
# Start of session at: Tue Nov 15 16:21:03 2022
# Process ID: 16864
# Current directory: X:/EC551/FinalProject/Working Copy/EC551_FinalProject/ADC Development/Demos/Nexys7/vivado_proj
# Command line: vivado.exe -gui_launcher_event rodinguilauncherevent13716 X:\EC551\FinalProject\Working Copy\EC551_FinalProject\ADC Development\Demos\Nexys7\vivado_proj\Nexys-A7-100T-XADC.xpr
# Log file: X:/EC551/FinalProject/Working Copy/EC551_FinalProject/ADC Development/Demos/Nexys7/vivado_proj/vivado.log
# Journal file: X:/EC551/FinalProject/Working Copy/EC551_FinalProject/ADC Development/Demos/Nexys7/vivado_proj\vivado.jou
#-----------------------------------------------------------
start_gui
open_project {X:/EC551/FinalProject/Working Copy/EC551_FinalProject/ADC Development/Demos/Nexys7/vivado_proj/Nexys-A7-100T-XADC.xpr}
INFO: [ProjectBase 1-489] The host OS only allows 260 characters in a normal path. The project is stored in a path with more than 80 characters. If you experience issues with IP, Block Designs, or files not being found, please consider moving the project to a location with a shorter path. Alternately consider using the OS subst command to map part of the path to a drive letter.
Current project path is 'X:/EC551/FinalProject/Working Copy/EC551_FinalProject/ADC Development/Demos/Nexys7/vivado_proj'
Scanning sources...
Finished scanning sources
WARNING: [filemgmt 56-3] IP Repository Path: Could not find the directory 'X:/EC551/FinalProject/Working Copy/EC551_FinalProject/repo'.
WARNING: [filemgmt 56-3] IPUserFilesDir: Could not find the directory 'X:/EC551/FinalProject/Working Copy/EC551_FinalProject/ADC Development/Demos/Nexys7/vivado_proj/Nexys-A7-100T-XADC.ip_user_files'.
INFO: [IP_Flow 19-234] Refreshing IP repositories
WARNING: [IP_Flow 19-2248] Failed to load user IP repository 'x:/EC551/FinalProject/Working Copy/EC551_FinalProject/repo'; Can't find the specified path.
If this directory should no longer be in your list of user repositories, go to the IP Settings dialog and remove it.
INFO: [IP_Flow 19-2313] Loaded Vivado IP repository 'C:/Xilinx/Vivado/2019.1/data/ip'.
WARNING: [IP_Flow 19-3664] IP 'xadc_wiz_0' generated file not found 'x:/EC551/FinalProject/Working Copy/EC551_FinalProject/ADC Development/Demos/Nexys7/vivado_proj/Nexys-A7-100T-XADC.srcs/xadc_wiz_0/ip/xadc_wiz_0/xadc_wiz_0.dcp'. Please regenerate to continue.
WARNING: [IP_Flow 19-3664] IP 'xadc_wiz_0' generated file not found 'x:/EC551/FinalProject/Working Copy/EC551_FinalProject/ADC Development/Demos/Nexys7/vivado_proj/Nexys-A7-100T-XADC.srcs/xadc_wiz_0/ip/xadc_wiz_0/xadc_wiz_0_stub.v'. Please regenerate to continue.
WARNING: [IP_Flow 19-3664] IP 'xadc_wiz_0' generated file not found 'x:/EC551/FinalProject/Working Copy/EC551_FinalProject/ADC Development/Demos/Nexys7/vivado_proj/Nexys-A7-100T-XADC.srcs/xadc_wiz_0/ip/xadc_wiz_0/xadc_wiz_0_stub.vhdl'. Please regenerate to continue.
WARNING: [IP_Flow 19-3664] IP 'xadc_wiz_0' generated file not found 'x:/EC551/FinalProject/Working Copy/EC551_FinalProject/ADC Development/Demos/Nexys7/vivado_proj/Nexys-A7-100T-XADC.srcs/xadc_wiz_0/ip/xadc_wiz_0/xadc_wiz_0_sim_netlist.v'. Please regenerate to continue.
WARNING: [IP_Flow 19-3664] IP 'xadc_wiz_0' generated file not found 'x:/EC551/FinalProject/Working Copy/EC551_FinalProject/ADC Development/Demos/Nexys7/vivado_proj/Nexys-A7-100T-XADC.srcs/xadc_wiz_0/ip/xadc_wiz_0/xadc_wiz_0_sim_netlist.vhdl'. Please regenerate to continue.
WARNING: [IP_Flow 19-2162] IP 'xadc_wiz_0' is locked:
* IP definition 'XADC Wizard (3.3)' for IP 'xadc_wiz_0' (customized with software release 2018.2) has a different revision in the IP Catalog.
open_project: Time (s): cpu = 00:00:17 ; elapsed = 00:00:08 . Memory (MB): peak = 823.387 ; gain = 134.266
update_compile_order -fileset sources_1
CRITICAL WARNING: [Vivado 12-4142] IP 'X:/EC551/FinalProject/Working Copy/EC551_FinalProject/ADC Development/Demos/Nexys7/vivado_proj/Nexys-A7-100T-XADC.srcs/xadc_wiz_0/ip/xadc_wiz_0/xadc_wiz_0.xci' is not generated and locked, no out-of-context (OOC) run will be created.
Please select 'Report IP Status' from 'Tools/Report' or run Tcl command 'report_ip_status' for more information.
synth_design -rtl -name rtl_1
Command: synth_design -rtl -name rtl_1
Starting synth_design
Using part: xc7a100tcsg324-1
WARNING: [Vivado_Tcl 4-393] The 'Synthesis' target of the following IPs are stale, please generate the output products using the generate_target or synth_ip command before running synth_design.
X:/EC551/FinalProject/Working Copy/EC551_FinalProject/ADC Development/Demos/Nexys7/vivado_proj/Nexys-A7-100T-XADC.srcs/xadc_wiz_0/ip/xadc_wiz_0/xadc_wiz_0.xci

Top: XADCdemo
INFO: [Device 21-403] Loading part xc7a100tcsg324-1
1 Infos, 1 Warnings, 0 Critical Warnings and 1 Errors encountered.
synth_design failed
ERROR: [Runs 36-527] DCP does not exist: x:/EC551/FinalProject/Working Copy/EC551_FinalProject/ADC Development/Demos/Nexys7/vivado_proj/Nexys-A7-100T-XADC.srcs/xadc_wiz_0/ip/xadc_wiz_0/xadc_wiz_0.dcp
exit
INFO: [Common 17-206] Exiting Vivado at Tue Nov 15 17:16:33 2022...
