srcscan starts
=============== Using vdb files for VHDL std libs ===========
INFO: The vhdl library search path for library "std" is now "C:/Xilinx/Vivado/2019.1/data/precomp_hsv/vhdl/std" (VHDL-1505)
INFO: The vhdl library search path for library "synopsys" is now "C:/Xilinx/Vivado/2019.1/data/precomp_hsv/vhdl/synopsys" (VHDL-1505)
INFO: The vhdl library search path for library "ieee" is now "C:/Xilinx/Vivado/2019.1/data/precomp_hsv/vhdl/ieee" (VHDL-1505)
INFO: The vhdl library search path for library "unimacro" is now "C:/Xilinx/Vivado/2019.1/data/precomp_hsv/vhdl/unimacro" (VHDL-1505)
INFO: The vhdl library search path for library "unisim" is now "C:/Xilinx/Vivado/2019.1/data/precomp_hsv/vhdl/unisim" (VHDL-1505)
INFO: The vhdl library search path for library "vl" is now "C:/Xilinx/Vivado/2019.1/data/precomp_hsv/vhdl/vl" (VHDL-1505)
INFO: The vhdl library search path for library "xpm" is now "C:/Xilinx/Vivado/2019.1/data/precomp_hsv/vhdl/xpm" (VHDL-1505)
INFO: analyzing module bg_gen (VERI-9002)
INFO: analyzing module clock_divider (VERI-9002)
INFO: analyzing module debounce (VERI-9002)
INFO: analyzing module dec_bcd (VERI-9002)
INFO: analyzing module game (VERI-9002)
INFO: analyzing module increment_one (VERI-9002)
INFO: analyzing module menu_screen (VERI-9002)
INFO: analyzing module num_hex (VERI-9002)
INFO: analyzing module paddle (VERI-9002)
INFO: analyzing module score_to_7seg (VERI-9002)
INFO: analyzing module square (VERI-9002)
INFO: analyzing module sram (VERI-9002)
INFO: analyzing module start_square (VERI-9002)
INFO: analyzing module XADCdemo (VERI-9002)
INFO: analyzing module top (VERI-9002)
INFO: analyzing module vga640x480 (VERI-9002)
INFO: analyzing module xadc_wiz_0 (VERI-9002)
C:/Users/cnaught1/AppData/Local/Temp/VivadoEditorAssist4711913435943981409.tmp(86): ERROR: net type must be explicitly specified for 'vauxn2' when default_nettype is none (VERI-1906)
C:/Users/cnaught1/AppData/Local/Temp/VivadoEditorAssist4711913435943981409.tmp(86): ERROR: non-net port 'vauxn2' cannot be of mode input (VERI-1325)
C:/Users/cnaught1/AppData/Local/Temp/VivadoEditorAssist4711913435943981409.tmp(87): ERROR: net type must be explicitly specified for 'vauxp3' when default_nettype is none (VERI-1906)
C:/Users/cnaught1/AppData/Local/Temp/VivadoEditorAssist4711913435943981409.tmp(87): ERROR: non-net port 'vauxp3' cannot be of mode input (VERI-1325)
C:/Users/cnaught1/AppData/Local/Temp/VivadoEditorAssist4711913435943981409.tmp(88): ERROR: net type must be explicitly specified for 'vauxn3' when default_nettype is none (VERI-1906)
C:/Users/cnaught1/AppData/Local/Temp/VivadoEditorAssist4711913435943981409.tmp(88): ERROR: non-net port 'vauxn3' cannot be of mode input (VERI-1325)
C:/Users/cnaught1/AppData/Local/Temp/VivadoEditorAssist4711913435943981409.tmp(89): ERROR: net type must be explicitly specified for 'vauxp10' when default_nettype is none (VERI-1906)
C:/Users/cnaught1/AppData/Local/Temp/VivadoEditorAssist4711913435943981409.tmp(89): ERROR: non-net port 'vauxp10' cannot be of mode input (VERI-1325)
C:/Users/cnaught1/AppData/Local/Temp/VivadoEditorAssist4711913435943981409.tmp(90): ERROR: net type must be explicitly specified for 'vauxn10' when default_nettype is none (VERI-1906)
C:/Users/cnaught1/AppData/Local/Temp/VivadoEditorAssist4711913435943981409.tmp(90): ERROR: non-net port 'vauxn10' cannot be of mode input (VERI-1325)
C:/Users/cnaught1/AppData/Local/Temp/VivadoEditorAssist4711913435943981409.tmp(91): ERROR: net type must be explicitly specified for 'vauxp11' when default_nettype is none (VERI-1906)
C:/Users/cnaught1/AppData/Local/Temp/VivadoEditorAssist4711913435943981409.tmp(91): ERROR: non-net port 'vauxp11' cannot be of mode input (VERI-1325)
C:/Users/cnaught1/AppData/Local/Temp/VivadoEditorAssist4711913435943981409.tmp(92): ERROR: net type must be explicitly specified for 'vauxn11' when default_nettype is none (VERI-1906)
C:/Users/cnaught1/AppData/Local/Temp/VivadoEditorAssist4711913435943981409.tmp(92): ERROR: non-net port 'vauxn11' cannot be of mode input (VERI-1325)
C:/Users/cnaught1/AppData/Local/Temp/VivadoEditorAssist4711913435943981409.tmp(93): ERROR: net type must be explicitly specified for 'vp_in' when default_nettype is none (VERI-1906)
C:/Users/cnaught1/AppData/Local/Temp/VivadoEditorAssist4711913435943981409.tmp(93): ERROR: non-net port 'vp_in' cannot be of mode input (VERI-1325)
C:/Users/cnaught1/AppData/Local/Temp/VivadoEditorAssist4711913435943981409.tmp(94): ERROR: net type must be explicitly specified for 'vn_in' when default_nettype is none (VERI-1906)
C:/Users/cnaught1/AppData/Local/Temp/VivadoEditorAssist4711913435943981409.tmp(94): ERROR: non-net port 'vn_in' cannot be of mode input (VERI-1325)
C:/Users/cnaught1/AppData/Local/Temp/VivadoEditorAssist4711913435943981409.tmp(96): ERROR: net type must be explicitly specified for 'busy_out' when default_nettype is none (VERI-1906)
C:/Users/cnaught1/AppData/Local/Temp/VivadoEditorAssist4711913435943981409.tmp(99): ERROR: net type must be explicitly specified for 'drdy_out' when default_nettype is none (VERI-1906)
C:/Users/cnaught1/AppData/Local/Temp/VivadoEditorAssist4711913435943981409.tmp(100): ERROR: net type must be explicitly specified for 'eoc_out' when default_nettype is none (VERI-1906)
C:/Users/cnaught1/AppData/Local/Temp/VivadoEditorAssist4711913435943981409.tmp(101): ERROR: net type must be explicitly specified for 'eos_out' when default_nettype is none (VERI-1906)
C:/Users/cnaught1/AppData/Local/Temp/VivadoEditorAssist4711913435943981409.tmp(102): ERROR: net type must be explicitly specified for 'alarm_out' when default_nettype is none (VERI-1906)
C:/Users/cnaught1/AppData/Local/Temp/VivadoEditorAssist4711913435943981409.tmp(114): ERROR: concurrent assignment to a non-net 'alarm_out' is not permitted (VERI-1195)
INFO: analyzing module top_new (VERI-9002)
INFO: analyzing module counter3bit (VERI-9002)
INFO: analyzing module mux4_4bus (VERI-9002)
INFO: analyzing module segClkDevider (VERI-9002)
INFO: analyzing module sevensegdecoder (VERI-9002)
-- Analyzing VHDL file "X:/EC551/FinalProject/Working Copy/EC551_FinalProject/Analog_Pong_Game/vivado_proj/Nexys-A7-100T-XADC.srcs/sources_1/imports/hdl/UART_TX_CTRL.vhd" into library xil_defaultlib (VHDL-9003)
INFO: analyzing entity 'UART_TX_CTRL' (VHDL-1012)
INFO: analyzing architecture 'Behavioral' of entity 'uart_tx_ctrl' (VHDL-9006)
srcscan exits with return value 0
